Build started 7/15/2013 12:52:53 PM.
     1>Project "C:\Users\tastyfish\Documents\GitHub\mages\magove 2D\magove 2D.vcxproj" on node 2 (build target(s)).
     1>InitializeBuildStatus:
         Creating "Release\magove 2D.unsuccessfulbuild" because "AlwaysCreate" was specified.
       ClCompile:
         c:\Program Files (x86)\Microsoft Visual Studio 10.0\VC\bin\CL.exe /c /I"C:\allegro-5.0.9-msvc-10.0\include" /Zi /nologo /W3 /WX- /O2 /Oi /Oy- /GL /D _MBCS /Gm- /EHsc /MD /GS /Gy /fp:precise /Zc:wchar_t /Zc:forScope /Fo"Release\\" /Fd"Release\vc100.pdb" /Gd /TP /analyze- /errorReport:prompt main.cpp
         main.cpp
       Link:
         c:\Program Files (x86)\Microsoft Visual Studio 10.0\VC\bin\link.exe /ERRORREPORT:PROMPT /OUT:"C:\Users\tastyfish\Documents\GitHub\mages\Release\magove 2D.exe" /NOLOGO /LIBPATH:"C:\allegro-5.0.9-msvc-10.0\lib" kernel32.lib user32.lib gdi32.lib winspool.lib comdlg32.lib advapi32.lib shell32.lib ole32.lib oleaut32.lib uuid.lib odbc32.lib odbccp32.lib kernel32.lib user32.lib gdi32.lib winspool.lib comdlg32.lib advapi32.lib shell32.lib ole32.lib oleaut32.lib uuid.lib odbc32.lib odbccp32.lib "allegro-5.0.9-monolith-md.lib" /MANIFEST /ManifestFile:"Release\magove 2D.exe.intermediate.manifest" /MANIFESTUAC:"level='asInvoker' uiAccess='false'" /DEBUG /PDB:"C:\Users\tastyfish\Documents\GitHub\mages\Release\magove 2D.pdb" /OPT:REF /OPT:ICF /LTCG /TLBID:1 /DYNAMICBASE /NXCOMPAT /IMPLIB:"C:\Users\tastyfish\Documents\GitHub\mages\Release\magove 2D.lib" /MACHINE:X86 Release\main.obj
         Generating code
         Finished generating code
         magove 2D.vcxproj -> C:\Users\tastyfish\Documents\GitHub\mages\Release\magove 2D.exe
       Manifest:
         C:\Program Files (x86)\Microsoft SDKs\Windows\v7.0A\bin\mt.exe /nologo /verbose /outputresource:"C:\Users\tastyfish\Documents\GitHub\mages\Release\magove 2D.exe;#1" /manifest "Release\magove 2D.exe.intermediate.manifest"
       FinalizeBuildStatus:
         Deleting file "Release\magove 2D.unsuccessfulbuild".
         Touching "Release\magove 2D.lastbuildstate".
     1>Done Building Project "C:\Users\tastyfish\Documents\GitHub\mages\magove 2D\magove 2D.vcxproj" (build target(s)).

Build succeeded.

Time Elapsed 00:00:05.82
